DEBUG:root:2022-06-09 17:35:32.891669
DEBUG:root:Starting...
DEBUG:root:2022-06-09 17:35:34.971642
DEBUG:root:{
  "responseCode": 200,
  "response": "[{\"pkId\":2,\"serverName\":\"ARAS_OLMOS\",\"url\":\"http://sentilo.dival.es:8081\",\"identityKey\":\"186bf80462e62060164c251082619d9a980970cff439a987eabb4e4db5dbc39c\",\"provider\":\"arasdelosolmos@geswat\",\"type\":0},{\"pkId\":3,\"serverName\":\"ARAS_OLMOS\",\"url\":\"http://sentilo.dival.es:8081\",\"identityKey\":\"186bf80462e62060164c251082619d9a980970cff439a987eabb4e4db5dbc39c\",\"provider\":\"arasdelosolmos@geswat\",\"type\":0},{\"pkId\":4,\"serverName\":\"ARAS_MAPA\",\"url\":\"http://sentilo.dival.es:8081\",\"identityKey\":\"142dd977bbd42ac25358d30643aea84d97d5d569445f93746ca888a7b110fa42\",\"provider\":\" vilamarxant@payin\",\"type\":0},{\"pkId\":7,\"serverName\":\"Aras Olmos - Gateway Farola\",\"url\":\"https://connecta.dival.es/sentilo-api/data\",\"identityKey\":\"186bf80462e62060164c251082619d9a980970cff439a987eabb4e4db5dbc39c\",\"provider\":\"arasdelosolmos@geswat\",\"type\":0},{\"pkId\":8,\"serverName\":\"Server Aras Nuevo Gateway\",\"url\":\"https://connecta.dival.es/sentilo-api/data\",\"identityKey\":\"186bf80462e62060164c251082619d9a980970cff439a987eabb4e4db5dbc39c\",\"provider\":\"arasdelosolmos@geswat\",\"type\":0}]",
  "timestamp": "2022-06-09T15:35:33.9014585Z",
  "originalRequest": {
    "path": "/servers",
    "method": "GET",
    "authentication": true,
    "body": "",
    "port": 4999,
    "timestamp": "2019-12-08T16:00:02.2805625Z",
    "requestId": "123456790"
  }
}
DEBUG:root:2022-06-09 17:43:46.582281
DEBUG:root:Starting...
DEBUG:root:2022-06-09 17:43:48.599807
DEBUG:root:{
  "responseCode": 200,
  "response": "[{\"pkId\":2,\"serverName\":\"ARAS_OLMOS\",\"url\":\"http://sentilo.dival.es:8081\",\"identityKey\":\"186bf80462e62060164c251082619d9a980970cff439a987eabb4e4db5dbc39c\",\"provider\":\"arasdelosolmos@geswat\",\"type\":0},{\"pkId\":3,\"serverName\":\"ARAS_OLMOS\",\"url\":\"http://sentilo.dival.es:8081\",\"identityKey\":\"186bf80462e62060164c251082619d9a980970cff439a987eabb4e4db5dbc39c\",\"provider\":\"arasdelosolmos@geswat\",\"type\":0},{\"pkId\":4,\"serverName\":\"ARAS_MAPA\",\"url\":\"http://sentilo.dival.es:8081\",\"identityKey\":\"142dd977bbd42ac25358d30643aea84d97d5d569445f93746ca888a7b110fa42\",\"provider\":\" vilamarxant@payin\",\"type\":0},{\"pkId\":7,\"serverName\":\"Aras Olmos - Gateway Farola\",\"url\":\"https://connecta.dival.es/sentilo-api/data\",\"identityKey\":\"186bf80462e62060164c251082619d9a980970cff439a987eabb4e4db5dbc39c\",\"provider\":\"arasdelosolmos@geswat\",\"type\":0},{\"pkId\":8,\"serverName\":\"Server Aras Nuevo Gateway\",\"url\":\"https://connecta.dival.es/sentilo-api/data\",\"identityKey\":\"186bf80462e62060164c251082619d9a980970cff439a987eabb4e4db5dbc39c\",\"provider\":\"arasdelosolmos@geswat\",\"type\":0}]",
  "timestamp": "2022-06-09T15:43:47.5286026Z",
  "originalRequest": {
    "path": "/servers",
    "method": "GET",
    "authentication": true,
    "body": "",
    "port": 4999,
    "timestamp": "2019-12-08T16:00:02.2805625Z",
    "requestId": "123456790"
  }
}
